<?xml version="1.0" encoding="UTF-8"?>
<testng-results ignored="0" total="1" passed="1" failed="0" skipped="0">
  <reporter-output>
  </reporter-output>
  <suite started-at="2025-06-23T13:56:00 IST" name="Default suite" finished-at="2025-06-23T13:56:37 IST" duration-ms="37339">
    <groups>
    </groups>
    <test started-at="2025-06-23T13:56:00 IST" name="Default test" finished-at="2025-06-23T13:56:37 IST" duration-ms="37339">
      <class name="extentreport.AddScreenShotIntoReport">
        <test-method signature="addScreenshot()[pri:0, instance:extentreport.AddScreenShotIntoReport@2a4fb17b]" started-at="2025-06-23T13:56:00 IST" name="addScreenshot" finished-at="2025-06-23T13:56:37 IST" duration-ms="36927" status="PASS">
          <reporter-output>
          </reporter-output>
        </test-method> <!-- addScreenshot -->
      </class> <!-- extentreport.AddScreenShotIntoReport -->
    </test> <!-- Default test -->
  </suite> <!-- Default suite -->
</testng-results>
